0 info it worked if it ends with ok
1 verbose cli [ '/usr/local/bin/node', '/usr/local/bin/npm', 'run', 'start' ]
2 info using npm@3.9.3
3 info using node@v4.2.4
4 verbose run-script [ 'prestart', 'start', 'poststart' ]
5 info lifecycle french-countr-natnalty@1.0.0~prestart: french-countr-natnalty@1.0.0
6 silly lifecycle french-countr-natnalty@1.0.0~prestart: no script for prestart, continuing
7 info lifecycle french-countr-natnalty@1.0.0~start: french-countr-natnalty@1.0.0
8 verbose lifecycle french-countr-natnalty@1.0.0~start: unsafe-perm in lifecycle true
9 verbose lifecycle french-countr-natnalty@1.0.0~start: PATH: /usr/local/lib/node_modules/npm/bin/node-gyp-bin:/home/heather/dev/frenchly/node_modules/.bin:/usr/local/bin:/usr/local/sbin:/usr/local/bin:/usr/sbin:/usr/bin:/sbin:/bin:/usr/games:/usr/local/games
10 verbose lifecycle french-countr-natnalty@1.0.0~start: CWD: /home/heather/dev/frenchly
11 silly lifecycle french-countr-natnalty@1.0.0~start: Args: [ '-c', 'webpack-dev-server' ]
12 silly lifecycle french-countr-natnalty@1.0.0~start: Returned: code: 137  signal: null
13 info lifecycle french-countr-natnalty@1.0.0~start: Failed to exec start script
14 verbose stack Error: french-countr-natnalty@1.0.0 start: `webpack-dev-server`
14 verbose stack Exit status 137
14 verbose stack     at EventEmitter.<anonymous> (/usr/local/lib/node_modules/npm/lib/utils/lifecycle.js:245:16)
14 verbose stack     at emitTwo (events.js:87:13)
14 verbose stack     at EventEmitter.emit (events.js:172:7)
14 verbose stack     at ChildProcess.<anonymous> (/usr/local/lib/node_modules/npm/lib/utils/spawn.js:24:14)
14 verbose stack     at emitTwo (events.js:87:13)
14 verbose stack     at ChildProcess.emit (events.js:172:7)
14 verbose stack     at maybeClose (internal/child_process.js:818:16)
14 verbose stack     at Process.ChildProcess._handle.onexit (internal/child_process.js:211:5)
15 verbose pkgid french-countr-natnalty@1.0.0
16 verbose cwd /home/heather/dev/frenchly
17 error Linux 3.19.0-32-generic
18 error argv "/usr/local/bin/node" "/usr/local/bin/npm" "run" "start"
19 error node v4.2.4
20 error npm  v3.9.3
21 error code ELIFECYCLE
22 error french-countr-natnalty@1.0.0 start: `webpack-dev-server`
22 error Exit status 137
23 error Failed at the french-countr-natnalty@1.0.0 start script 'webpack-dev-server'.
23 error Make sure you have the latest version of node.js and npm installed.
23 error If you do, this is most likely a problem with the french-countr-natnalty package,
23 error not with npm itself.
23 error Tell the author that this fails on your system:
23 error     webpack-dev-server
23 error You can get information on how to open an issue for this project with:
23 error     npm bugs french-countr-natnalty
23 error Or if that isn't available, you can get their info via:
23 error     npm owner ls french-countr-natnalty
23 error There is likely additional logging output above.
24 verbose exit [ 1, true ]
